# JRE version: OpenJDK Runtime Environment (8.0_242) (build 1.8.0_242-release-1644-b3-6222593)
# Java VM: OpenJDK 64-Bit Server VM (25.242-b3-6222593 mixed mode bsd-amd64 compressed oops)
Heap:
 PSYoungGen      total 586752K, used 114430K [0x0000000795580000, 0x00000007bf680000, 0x00000007c0000000)
  eden space 482304K, 19% used [0x0000000795580000,0x000000079b0773d8,0x00000007b2c80000)
  from space 104448K, 20% used [0x00000007b8e00000,0x00000007ba2c8750,0x00000007bf400000)
  to   space 99840K, 0% used [0x00000007b2c80000,0x00000007b2c80000,0x00000007b8e00000)
 ParOldGen       total 299008K, used 81432K [0x0000000740000000, 0x0000000752400000, 0x0000000795580000)
  object space 299008K, 27% used [0x0000000740000000,0x0000000744f861b8,0x0000000752400000)
 Metaspace       used 127627K, capacity 134746K, committed 151592K, reserved 1179648K
  class space    used 15921K, capacity 17208K, committed 21040K, reserved 1048576K
GC Heap History (10 events):
Event: 13036.875 GC heap before
{Heap before GC invocations=41 (full 6):
 PSYoungGen      total 572928K, used 460395K [0x0000000795580000, 0x00000007bfd00000, 0x00000007c0000000)
  eden space 459264K, 100% used [0x0000000795580000,0x00000007b1600000,0x00000007b1600000)
  from space 113664K, 0% used [0x00000007b8580000,0x00000007b869ac50,0x00000007bf480000)
  to   space 114176K, 0% used [0x00000007b1600000,0x00000007b1600000,0x00000007b8580000)
 ParOldGen       total 299008K, used 96965K [0x0000000740000000, 0x0000000752400000, 0x0000000795580000)
  object space 299008K, 32% used [0x0000000740000000,0x0000000745eb14e0,0x0000000752400000)
 Metaspace       used 138530K, capacity 145760K, committed 159272K, reserved 1187840K
  class space    used 17304K, capacity 18599K, committed 21040K, reserved 1048576K
Event: 13037.211 GC heap after
Heap after GC invocations=41 (full 6):
 PSYoungGen      total 573440K, used 40188K [0x0000000795580000, 0x00000007bf280000, 0x00000007c0000000)
  eden space 459264K, 0% used [0x0000000795580000,0x0000000795580000,0x00000007b1600000)
  from space 114176K, 35% used [0x00000007b1600000,0x00000007b3d3f220,0x00000007b8580000)
  to   space 107008K, 0% used [0x00000007b8a00000,0x00000007b8a00000,0x00000007bf280000)
 ParOldGen       total 299008K, used 97272K [0x0000000740000000, 0x0000000752400000, 0x0000000795580000)
  object space 299008K, 32% used [0x0000000740000000,0x0000000745efe190,0x0000000752400000)
 Metaspace       used 138530K, capacity 145760K, committed 159272K, reserved 1187840K
  class space    used 17304K, capacity 18599K, committed 21040K, reserved 1048576K
}
Event: 13039.105 GC heap before
{Heap before GC invocations=42 (full 6):
 PSYoungGen      total 573440K, used 499452K [0x0000000795580000, 0x00000007bf280000, 0x00000007c0000000)
  eden space 459264K, 100% used [0x0000000795580000,0x00000007b1600000,0x00000007b1600000)
  from space 114176K, 35% used [0x00000007b1600000,0x00000007b3d3f220,0x00000007b8580000)
  to   space 107008K, 0% used [0x00000007b8a00000,0x00000007b8a00000,0x00000007bf280000)
 ParOldGen       total 299008K, used 97272K [0x0000000740000000, 0x0000000752400000, 0x0000000795580000)
  object space 299008K, 32% used [0x0000000740000000,0x0000000745efe190,0x0000000752400000)
 Metaspace       used 139437K, capacity 146870K, committed 159528K, reserved 1187840K
  class space    used 17419K, capacity 18770K, committed 21040K, reserved 1048576K
Event: 13039.263 GC heap after
Heap after GC invocations=42 (full 6):
 PSYoungGen      total 580096K, used 11878K [0x0000000795580000, 0x00000007bf500000, 0x00000007c0000000)
  eden space 473088K, 0% used [0x0000000795580000,0x0000000795580000,0x00000007b2380000)
  from space 107008K, 11% used [0x00000007b8a00000,0x00000007b95999d0,0x00000007bf280000)
  to   space 104960K, 0% used [0x00000007b2380000,0x00000007b2380000,0x00000007b8a00000)
 ParOldGen       total 299008K, used 118249K [0x0000000740000000, 0x0000000752400000, 0x0000000795580000)
  object space 299008K, 39% used [0x0000000740000000,0x000000074737a430,0x0000000752400000)
 Metaspace       used 139437K, capacity 146870K, committed 159528K, reserved 1187840K
  class space    used 17419K, capacity 18770K, committed 21040K, reserved 1048576K
}
Event: 13046.109 GC heap before
{Heap before GC invocations=43 (full 6):
 PSYoungGen      total 580096K, used 209525K [0x0000000795580000, 0x00000007bf500000, 0x00000007c0000000)
  eden space 473088K, 41% used [0x0000000795580000,0x00000007a1683dc0,0x00000007b2380000)
  from space 107008K, 11% used [0x00000007b8a00000,0x00000007b95999d0,0x00000007bf280000)
  to   space 104960K, 0% used [0x00000007b2380000,0x00000007b2380000,0x00000007b8a00000)
 ParOldGen       total 299008K, used 118249K [0x0000000740000000, 0x0000000752400000, 0x0000000795580000)
  object space 299008K, 39% used [0x0000000740000000,0x000000074737a430,0x0000000752400000)
 Metaspace       used 139787K, capacity 147224K, committed 159784K, reserved 1187840K
  class space    used 17455K, capacity 18813K, committed 21040K, reserved 1048576K
Event: 13046.158 GC heap after
Heap after GC invocations=43 (full 6):
 PSYoungGen      total 578048K, used 836K [0x0000000795580000, 0x00000007bf400000, 0x00000007c0000000)
  eden space 473088K, 0% used [0x0000000795580000,0x0000000795580000,0x00000007b2380000)
  from space 104960K, 0% used [0x00000007b2380000,0x00000007b2451110,0x00000007b8a00000)
  to   space 104448K, 0% used [0x00000007b8e00000,0x00000007b8e00000,0x00000007bf400000)
 ParOldGen       total 299008K, used 123964K [0x0000000740000000, 0x0000000752400000, 0x0000000795580000)
  object space 299008K, 41% used [0x0000000740000000,0x000000074790f010,0x0000000752400000)
 Metaspace       used 139787K, capacity 147224K, committed 159784K, reserved 1187840K
  class space    used 17455K, capacity 18813K, committed 21040K, reserved 1048576K
}
Event: 13046.158 GC heap before
{Heap before GC invocations=44 (full 7):
 PSYoungGen      total 578048K, used 836K [0x0000000795580000, 0x00000007bf400000, 0x00000007c0000000)
  eden space 473088K, 0% used [0x0000000795580000,0x0000000795580000,0x00000007b2380000)
  from space 104960K, 0% used [0x00000007b2380000,0x00000007b2451110,0x00000007b8a00000)
  to   space 104448K, 0% used [0x00000007b8e00000,0x00000007b8e00000,0x00000007bf400000)
 ParOldGen       total 299008K, used 123964K [0x0000000740000000, 0x0000000752400000, 0x0000000795580000)
  object space 299008K, 41% used [0x0000000740000000,0x000000074790f010,0x0000000752400000)
 Metaspace       used 139787K, capacity 147224K, committed 159784K, reserved 1187840K
  class space    used 17455K, capacity 18813K, committed 21040K, reserved 1048576K
Event: 13047.628 GC heap after
Heap after GC invocations=44 (full 7):
 PSYoungGen      total 578048K, used 0K [0x0000000795580000, 0x00000007bf400000, 0x00000007c0000000)
  eden space 473088K, 0% used [0x0000000795580000,0x0000000795580000,0x00000007b2380000)
  from space 104960K, 0% used [0x00000007b2380000,0x00000007b2380000,0x00000007b8a00000)
  to   space 104448K, 0% used [0x00000007b8e00000,0x00000007b8e00000,0x00000007bf400000)
 ParOldGen       total 299008K, used 81424K [0x0000000740000000, 0x0000000752400000, 0x0000000795580000)
  object space 299008K, 27% used [0x0000000740000000,0x0000000744f841b8,0x0000000752400000)
 Metaspace       used 124028K, capacity 130570K, committed 151592K, reserved 1179648K
  class space    used 15567K, capacity 16763K, committed 21040K, reserved 1048576K
}
Event: 13070.142 GC heap before
{Heap before GC invocations=45 (full 7):
 PSYoungGen      total 578048K, used 473088K [0x0000000795580000, 0x00000007bf400000, 0x00000007c0000000)
  eden space 473088K, 100% used [0x0000000795580000,0x00000007b2380000,0x00000007b2380000)
  from space 104960K, 0% used [0x00000007b2380000,0x00000007b2380000,0x00000007b8a00000)
  to   space 104448K, 0% used [0x00000007b8e00000,0x00000007b8e00000,0x00000007bf400000)
 ParOldGen       total 299008K, used 81424K [0x0000000740000000, 0x0000000752400000, 0x0000000795580000)
  object space 299008K, 27% used [0x0000000740000000,0x0000000744f841b8,0x0000000752400000)
 Metaspace       used 127174K, capacity 134050K, committed 151592K, reserved 1179648K
  class space    used 15869K, capacity 17119K, committed 21040K, reserved 1048576K
Event: 13070.858 GC heap after
Heap after GC invocations=45 (full 7):
 PSYoungGen      total 586752K, used 21281K [0x0000000795580000, 0x00000007bf680000, 0x00000007c0000000)
  eden space 482304K, 0% used [0x0000000795580000,0x0000000795580000,0x00000007b2c80000)
  from space 104448K, 20% used [0x00000007b8e00000,0x00000007ba2c8750,0x00000007bf400000)
  to   space 99840K, 0% used [0x00000007b2c80000,0x00000007b2c80000,0x00000007b8e00000)
 ParOldGen       total 299008K, used 81432K [0x0000000740000000, 0x0000000752400000, 0x0000000795580000)
  object space 299008K, 27% used [0x0000000740000000,0x0000000744f861b8,0x0000000752400000)
 Metaspace       used 127174K, capacity 134050K, committed 151592K, reserved 1179648K
  class space    used 15869K, capacity 17119K, committed 21040K, reserved 1048576K
}

